D:\VisualStudio\MSBuild\Microsoft\VC\v170\Microsoft.CppBuild.targets(1098,5): warning MSB8027: Two or more files with the name of shader.cpp will produce outputs to the same location. This can lead to an incorrect build result.  The files involved are ..\Common\shader.cpp, Renderer\Shader.cpp.
  shader.cpp
  Affine.cpp
  GLApplication.cpp
  imgui_impl_glfw.cpp
  imgui_impl_opengl3.cpp
  imgui.cpp
  imgui_demo.cpp
  imgui_draw.cpp
  imgui_widgets.cpp
  imgui_stdlib.cpp
  binary_to_compressed_c.cpp
D:\cs350_demo_framework\cs350+demo+framework\ass1\ImGui\misc\fonts\binary_to_compressed_c.cpp(22,1): warning C4005: '_CRT_SECURE_NO_WARNINGS': macro redefinition
D:\cs350_demo_framework\cs350+demo+framework\ass1\ImGui\misc\fonts\binary_to_compressed_c.cpp(22,1): message : '_CRT_SECURE_NO_WARNINGS' previously declared on the command line
  imgui_freetype.cpp
  Object.cpp
  ObjectManager.cpp
  ObjLoader.cpp
D:\cs350_demo_framework\cs350+demo+framework\ass1\ObjLoader.cpp(18,9): warning C4068: unknown pragma 'clang'
D:\cs350_demo_framework\cs350+demo+framework\ass1\ObjLoader.cpp(19,9): warning C4068: unknown pragma 'clang'
D:\cs350_demo_framework\cs350+demo+framework\ass1\ObjLoader.cpp(20,9): warning C4068: unknown pragma 'GCC'
D:\cs350_demo_framework\cs350+demo+framework\ass1\ObjLoader.cpp(21,9): warning C4068: unknown pragma 'GCC'
D:\cs350_demo_framework\cs350+demo+framework\ass1\ObjLoader.cpp(33,9): warning C4068: unknown pragma 'GCC'
D:\cs350_demo_framework\cs350+demo+framework\ass1\ObjLoader.cpp(34,9): warning C4068: unknown pragma 'clang'
  OpenGLBuffer.cpp
  OpenGLMesh.cpp
D:\cs350_demo_framework\cs350+demo+framework\ass1\OpenGL\OpenGLMesh.cpp(41,28): warning C4244: '=': conversion from 'int' to '_Ty', possible loss of data
          with
          [
              _Ty=float
          ]
  OpenGLRendererAPI.cpp
  OpenGLShader.cpp
D:\cs350_demo_framework\cs350+demo+framework\ass1\OpenGL\OpenGLShader.cpp(69,21): warning C4244: 'initializing': conversion from 'std::streamoff' to 'size_t', possible loss of data
  Buffer.cpp
  Compiling...
  Camera.cpp
  Light.cpp
  RenderCommand.cpp
  Renderer.cpp
  RendererAPI.cpp
  Shader.cpp
D:\cs350_demo_framework\cs350+demo+framework\ass1\Renderer\Shader.cpp(42,28): warning C4101: 'exception': unreferenced local variable
D:\cs350_demo_framework\cs350+demo+framework\ass1\Renderer\Shader.cpp(54,28): warning C4101: 'exception': unreferenced local variable
  Scene.cpp
  SimpleScene_Quad.cpp
D:\cs350_demo_framework\cs350+demo+framework\ass1\SimpleScene_Quad.cpp(43,25): warning C4834: discarding return value of function with 'nodiscard' attribute
  gl3w.c
  uSynergy.c
binary_to_compressed_c.obj : error LNK2005: _main already defined in GLApplication.obj
Release\Shader.obj : warning LNK4042: object specified more than once; extras ignored
imgui_freetype.obj : error LNK2001: unresolved external symbol _FT_Add_Default_Modules
imgui_freetype.obj : error LNK2001: unresolved external symbol _FT_Done_Library
imgui_freetype.obj : error LNK2001: unresolved external symbol _FT_Get_Char_Index
imgui_freetype.obj : error LNK2001: unresolved external symbol _FT_Select_Charmap
imgui_freetype.obj : error LNK2001: unresolved external symbol _FT_Done_Face
imgui_freetype.obj : error LNK2001: unresolved external symbol _FT_GlyphSlot_Embolden
imgui_freetype.obj : error LNK2001: unresolved external symbol _FT_Render_Glyph
imgui_freetype.obj : error LNK2001: unresolved external symbol _FT_New_Library
imgui_freetype.obj : error LNK2001: unresolved external symbol _FT_GlyphSlot_Oblique
imgui_freetype.obj : error LNK2001: unresolved external symbol _FT_New_Memory_Face
imgui_freetype.obj : error LNK2001: unresolved external symbol _FT_Load_Glyph
imgui_freetype.obj : error LNK2001: unresolved external symbol _FT_Request_Size
SimpleScene_Quad.obj : error LNK2001: unresolved external symbol "unsigned int __cdecl LoadShaders(char const *,char const *)" (?LoadShaders@@YAIPBD0@Z)
D:\cs350_demo_framework\cs350+demo+framework\Release\ass1.exe : fatal error LNK1120: 13 unresolved externals
